<?xml version="1.0" encoding="UTF-8"?>
<!-- Generated by org.testng.reporters.JUnitXMLReporter -->
<testsuite ignored="6" hostname="DESKTOP-DGC7O92" failures="0" tests="2" name="Default test" time="28.83" errors="0" timestamp="2023-10-30T18:58:48 EET">
  <testcase classname="TestCases" name="CheckTheBtn" time="1.603"/>
  <testcase classname="TestCases" name="qitafLogo" time="5.387"/>
  <testcase classname="TestCases" name="CheckTheLanguage" time="0.0">
    <ignored/>
  </testcase> <!-- CheckTheLanguage -->
  <testcase classname="TestCases" name="date" time="0.0">
    <ignored/>
  </testcase> <!-- date -->
  <testcase classname="TestCases" name="CheckTheCurrancy" time="0.0">
    <ignored/>
  </testcase> <!-- CheckTheCurrancy -->
  <testcase classname="TestCases" name="HotelSearch" time="0.0">
    <ignored/>
  </testcase> <!-- HotelSearch -->
  <testcase classname="TestCases" name="CheckTheContactNumber" time="0.0">
    <ignored/>
  </testcase> <!-- CheckTheContactNumber -->
  <testcase classname="TestCases" name="SoftAssert" time="0.0">
    <ignored/>
  </testcase> <!-- SoftAssert -->
</testsuite> <!-- Default test -->
