<?xml version="1.0" encoding="UTF-8"?>
<testng-results ignored="6" total="8" passed="2" failed="0" skipped="0">
  <reporter-output>
  </reporter-output>
  <suite started-at="2023-10-30T18:58:19 EET" name="Default suite" finished-at="2023-10-30T18:58:48 EET" duration-ms="28830">
    <groups>
    </groups>
    <test started-at="2023-10-30T18:58:19 EET" name="Default test" finished-at="2023-10-30T18:58:48 EET" duration-ms="28830">
      <class name="TestCases">
        <test-method is-config="true" signature="MySetUp()[pri:0, instance:TestCases@2453f95d]" started-at="2023-10-30T18:58:19 EET" name="MySetUp" finished-at="2023-10-30T18:58:40 EET" duration-ms="21391" status="PASS">
          <reporter-output>
          </reporter-output>
        </test-method> <!-- MySetUp -->
        <test-method signature="CheckTheBtn()[pri:0, instance:TestCases@2453f95d]" started-at="2023-10-30T18:58:41 EET" name="CheckTheBtn" finished-at="2023-10-30T18:58:42 EET" duration-ms="1603" status="PASS">
          <reporter-output>
          </reporter-output>
        </test-method> <!-- CheckTheBtn -->
        <test-method signature="qitafLogo()[pri:0, instance:TestCases@2453f95d]" started-at="2023-10-30T18:58:42 EET" name="qitafLogo" finished-at="2023-10-30T18:58:48 EET" duration-ms="5387" status="PASS">
          <reporter-output>
          </reporter-output>
        </test-method> <!-- qitafLogo -->
        <test-method is-config="true" signature="PostTesting()[pri:0, instance:TestCases@2453f95d]" started-at="2023-10-30T18:58:48 EET" name="PostTesting" finished-at="2023-10-30T18:58:48 EET" duration-ms="6" status="PASS">
          <reporter-output>
          </reporter-output>
        </test-method> <!-- PostTesting -->
      </class> <!-- TestCases -->
    </test> <!-- Default test -->
  </suite> <!-- Default suite -->
</testng-results>
